{"C:\\Users\\patie\\Desktop\\Future4\\Patricia-Matiesque\\semana12\\Projeto\\planner\\src\\containers\\CriarTarefas\\index.js": {"path":"C:\\Users\\patie\\Desktop\\Future4\\Patricia-Matiesque\\semana12\\Projeto\\planner\\src\\containers\\CriarTarefas\\index.js","statementMap":{"0":{"start":{"line":7,"column":18},"end":{"line":12,"column":1}},"1":{"start":{"line":16,"column":8},"end":{"line":16,"column":21}},"2":{"start":{"line":17,"column":8},"end":{"line":20,"column":9}},"3":{"start":{"line":23,"column":19},"end":{"line":27,"column":5}},"4":{"start":{"line":24,"column":8},"end":{"line":26,"column":10}},"5":{"start":{"line":29,"column":19},"end":{"line":34,"column":5}},"6":{"start":{"line":30,"column":8},"end":{"line":30,"column":31}},"7":{"start":{"line":31,"column":30},"end":{"line":31,"column":40}},"8":{"start":{"line":32,"column":8},"end":{"line":32,"column":41}},"9":{"start":{"line":33,"column":8},"end":{"line":33,"column":43}},"10":{"start":{"line":38,"column":4},"end":{"line":55,"column":5}},"11":{"start":{"line":58,"column":27},"end":{"line":60,"column":2}},"12":{"start":{"line":58,"column":40},"end":{"line":60,"column":1}},"13":{"start":{"line":59,"column":32},"end":{"line":59,"column":64}}},"fnMap":{"0":{"name":"(anonymous_0)","decl":{"start":{"line":15,"column":4},"end":{"line":15,"column":5}},"loc":{"start":{"line":15,"column":23},"end":{"line":21,"column":5}},"line":15},"1":{"name":"(anonymous_1)","decl":{"start":{"line":23,"column":19},"end":{"line":23,"column":20}},"loc":{"start":{"line":23,"column":28},"end":{"line":27,"column":5}},"line":23},"2":{"name":"(anonymous_2)","decl":{"start":{"line":29,"column":19},"end":{"line":29,"column":20}},"loc":{"start":{"line":29,"column":30},"end":{"line":34,"column":5}},"line":29},"3":{"name":"(anonymous_3)","decl":{"start":{"line":37,"column":2},"end":{"line":37,"column":3}},"loc":{"start":{"line":37,"column":11},"end":{"line":55,"column":6}},"line":37},"4":{"name":"(anonymous_4)","decl":{"start":{"line":58,"column":27},"end":{"line":58,"column":28}},"loc":{"start":{"line":58,"column":40},"end":{"line":60,"column":1}},"line":58},"5":{"name":"(anonymous_5)","decl":{"start":{"line":59,"column":17},"end":{"line":59,"column":18}},"loc":{"start":{"line":59,"column":32},"end":{"line":59,"column":64}},"line":59}},"branchMap":{},"s":{"0":0,"1":0,"2":0,"3":0,"4":0,"5":0,"6":0,"7":0,"8":0,"9":0,"10":0,"11":0,"12":0,"13":0},"f":{"0":0,"1":0,"2":0,"3":0,"4":0,"5":0},"b":{},"hash":"c43b4ecddccb41e8d1afdb21354d5ca797df16ac"}
,"C:\\Users\\patie\\Desktop\\Future4\\Patricia-Matiesque\\semana12\\Projeto\\planner\\src\\containers\\Tarefas\\index.js": {"path":"C:\\Users\\patie\\Desktop\\Future4\\Patricia-Matiesque\\semana12\\Projeto\\planner\\src\\containers\\Tarefas\\index.js","statementMap":{"0":{"start":{"line":6,"column":18},"end":{"line":12,"column":1}},"1":{"start":{"line":17,"column":4},"end":{"line":17,"column":25}},"2":{"start":{"line":21,"column":17},"end":{"line":21,"column":81}},"3":{"start":{"line":23,"column":4},"end":{"line":42,"column":5}},"4":{"start":{"line":27,"column":12},"end":{"line":36,"column":18}},"5":{"start":{"line":31,"column":26},"end":{"line":31,"column":42}},"6":{"start":{"line":33,"column":26},"end":{"line":33,"column":46}},"7":{"start":{"line":48,"column":24},"end":{"line":50,"column":2}},"8":{"start":{"line":48,"column":34},"end":{"line":50,"column":1}},"9":{"start":{"line":52,"column":27},"end":{"line":54,"column":2}},"10":{"start":{"line":52,"column":40},"end":{"line":54,"column":1}},"11":{"start":{"line":53,"column":18},"end":{"line":53,"column":38}}},"fnMap":{"0":{"name":"(anonymous_0)","decl":{"start":{"line":16,"column":2},"end":{"line":16,"column":3}},"loc":{"start":{"line":16,"column":22},"end":{"line":18,"column":1}},"line":16},"1":{"name":"(anonymous_1)","decl":{"start":{"line":20,"column":2},"end":{"line":20,"column":3}},"loc":{"start":{"line":20,"column":10},"end":{"line":43,"column":3}},"line":20},"2":{"name":"(anonymous_2)","decl":{"start":{"line":26,"column":16},"end":{"line":26,"column":17}},"loc":{"start":{"line":27,"column":12},"end":{"line":36,"column":18}},"line":27},"3":{"name":"(anonymous_3)","decl":{"start":{"line":31,"column":18},"end":{"line":31,"column":19}},"loc":{"start":{"line":31,"column":26},"end":{"line":31,"column":42}},"line":31},"4":{"name":"(anonymous_4)","decl":{"start":{"line":33,"column":18},"end":{"line":33,"column":19}},"loc":{"start":{"line":33,"column":26},"end":{"line":33,"column":46}},"line":33},"5":{"name":"(anonymous_5)","decl":{"start":{"line":48,"column":24},"end":{"line":48,"column":25}},"loc":{"start":{"line":48,"column":34},"end":{"line":50,"column":1}},"line":48},"6":{"name":"(anonymous_6)","decl":{"start":{"line":52,"column":27},"end":{"line":52,"column":28}},"loc":{"start":{"line":52,"column":40},"end":{"line":54,"column":1}},"line":52},"7":{"name":"(anonymous_7)","decl":{"start":{"line":53,"column":12},"end":{"line":53,"column":13}},"loc":{"start":{"line":53,"column":18},"end":{"line":53,"column":38}},"line":53}},"branchMap":{},"s":{"0":0,"1":0,"2":0,"3":0,"4":0,"5":0,"6":0,"7":0,"8":0,"9":0,"10":0,"11":0},"f":{"0":0,"1":0,"2":0,"3":0,"4":0,"5":0,"6":0,"7":0},"b":{},"hash":"4115b12e6663f9e8de1865fc3c5b63981ab7071e"}
,"C:\\Users\\patie\\Desktop\\Future4\\Patricia-Matiesque\\semana12\\Projeto\\planner\\src\\reducers\\task.js": {"path":"C:\\Users\\patie\\Desktop\\Future4\\Patricia-Matiesque\\semana12\\Projeto\\planner\\src\\reducers\\task.js","statementMap":{"0":{"start":{"line":1,"column":21},"end":{"line":4,"column":1}},"1":{"start":{"line":6,"column":13},"end":{"line":13,"column":1}},"2":{"start":{"line":7,"column":4},"end":{"line":12,"column":5}},"3":{"start":{"line":9,"column":12},"end":{"line":9,"column":59}},"4":{"start":{"line":11,"column":12},"end":{"line":11,"column":24}}},"fnMap":{"0":{"name":"(anonymous_0)","decl":{"start":{"line":6,"column":13},"end":{"line":6,"column":14}},"loc":{"start":{"line":6,"column":47},"end":{"line":13,"column":1}},"line":6}},"branchMap":{"0":{"loc":{"start":{"line":6,"column":14},"end":{"line":6,"column":34}},"type":"default-arg","locations":[{"start":{"line":6,"column":22},"end":{"line":6,"column":34}}],"line":6},"1":{"loc":{"start":{"line":7,"column":4},"end":{"line":12,"column":5}},"type":"switch","locations":[{"start":{"line":8,"column":8},"end":{"line":9,"column":59}},{"start":{"line":10,"column":8},"end":{"line":11,"column":24}}],"line":7}},"s":{"0":1,"1":1,"2":1,"3":1,"4":0},"f":{"0":1},"b":{"0":[0],"1":[1,0]},"_coverageSchema":"43e27e138ebf9cfc5966b082cf9a028302ed4184","hash":"0baadc6ae14e470449d12c6217f0465263790320"}
}
